<?xml version="1.0" encoding="UTF-8"?>
<!-- Generated by org.testng.reporters.JUnitXMLReporter -->
<testsuite hostname="DESKTOP-JCT7O5L" ignored="0" name="Default test" tests="1" failures="0" timestamp="2020-07-02T21:29:47 IST" time="0.211" errors="0">
  <testcase name="@BeforeClass setData" time="-1.593705587032E9" classname="tests.AmazonTests">
    <failure type="org.testng.TestNGException" message="
Parameter &amp;apos;Automation&amp;apos; is required by BeforeClass on method setData but has not been marked @Optional or defined
in C:\Users\Dipesh\AppData\Local\Temp\testng-eclipse--150273442\testng-customsuite.xml">
      <![CDATA[org.testng.TestNGException: 
Parameter 'Automation' is required by BeforeClass on method setData but has not been marked @Optional or defined
in C:\Users\Dipesh\AppData\Local\Temp\testng-eclipse--150273442\testng-customsuite.xml
at org.testng.internal.Parameters.createParams(Parameters.java:272)
at org.testng.internal.Parameters.createParametersForMethod(Parameters.java:360)
at org.testng.internal.Parameters.createParameters(Parameters.java:704)
at org.testng.internal.Parameters.createConfigurationParameters(Parameters.java:166)
at org.testng.internal.ConfigInvoker.invokeConfigurations(ConfigInvoker.java:283)
at org.testng.internal.TestMethodWorker.invokeBeforeClassMethods(TestMethodWorker.java:176)
at org.testng.internal.TestMethodWorker.run(TestMethodWorker.java:122)
at java.util.ArrayList.forEach(Unknown Source)
at org.testng.TestRunner.privateRun(TestRunner.java:766)
at org.testng.TestRunner.run(TestRunner.java:587)
at org.testng.SuiteRunner.runTest(SuiteRunner.java:384)
at org.testng.SuiteRunner.runSequentially(SuiteRunner.java:378)
at org.testng.SuiteRunner.privateRun(SuiteRunner.java:337)
at org.testng.SuiteRunner.run(SuiteRunner.java:286)
at org.testng.SuiteRunnerWorker.runSuite(SuiteRunnerWorker.java:53)
at org.testng.SuiteRunnerWorker.run(SuiteRunnerWorker.java:96)
at org.testng.TestNG.runSuitesSequentially(TestNG.java:1187)
at org.testng.TestNG.runSuitesLocally(TestNG.java:1109)
at org.testng.TestNG.runSuites(TestNG.java:1039)
at org.testng.TestNG.run(TestNG.java:1007)
at org.testng.remote.AbstractRemoteTestNG.run(AbstractRemoteTestNG.java:115)
at org.testng.remote.RemoteTestNG.initAndRun(RemoteTestNG.java:251)
at org.testng.remote.RemoteTestNG.main(RemoteTestNG.java:77)
]]>
    </failure>
  </testcase> <!-- @BeforeClass setData -->
  <testcase name="@AfterMethod afterMethod" time="-1.59370558718E9" classname="bindings.AmazonBind">
    <skipped/>
  </testcase> <!-- @AfterMethod afterMethod -->
  <testcase name="Amazon_Login_And_Place_Order_TC001" time="0.0" classname="tests.AmazonTests">
    <skipped/>
  </testcase> <!-- Amazon_Login_And_Place_Order_TC001 -->
</testsuite> <!-- Default test -->
