<?xml version="1.0" encoding="UTF-8"?>
<testng-results skipped="0" failed="1" ignored="0" total="1" passed="0">
  <reporter-output>
    <line>
      <![CDATA[<br>App launched</br><br><a href='C:\Users\Dipesh\git\Amazon-Demo\Amazon-Demo\reports\images\331669159.jpg'> <img src='C:\Users\Dipesh\git\Amazon-Demo\Amazon-Demo\reports\images\331669159.jpg' height='300' width='200'/> </a><br>]]>
    </line>
    <line>
      <![CDATA[<br>java.lang.AssertionError: Element not displayed
null expected [true] but found [false]</br><br><a href='C:\Users\Dipesh\git\Amazon-Demo\Amazon-Demo\reports\images\793088027.jpg'> <img src='C:\Users\Dipesh\git\Amazon-Demo\Amazon-Demo\reports\images\793088027.jpg' height='300' width='200'/> </a><br>]]>
    </line>
  </reporter-output>
  <suite name="Default suite" duration-ms="265" started-at="2020-07-09T10:14:28 IST" finished-at="2020-07-09T10:14:28 IST">
    <groups>
    </groups>
    <test name="Default test" duration-ms="265" started-at="2020-07-09T10:14:28 IST" finished-at="2020-07-09T10:14:28 IST">
      <class name="tests.AmazonTests">
        <test-method status="PASS" signature="beforeSuite()[pri:0, instance:tests.AmazonTests@52e677af]" name="beforeSuite" is-config="true" duration-ms="603" started-at="2020-07-09T10:14:27 IST" finished-at="2020-07-09T10:14:28 IST">
          <reporter-output>
          </reporter-output>
        </test-method> <!-- beforeSuite -->
        <test-method status="PASS" signature="setData(java.lang.String, java.lang.String, java.lang.String, java.lang.String, java.lang.String, java.lang.String, java.lang.String, java.lang.String)[pri:0, instance:tests.AmazonTests@52e677af]" name="setData" is-config="true" duration-ms="9" started-at="2020-07-09T10:14:28 IST" finished-at="2020-07-09T10:14:28 IST">
          <params>
            <param index="0">
              <value>
                <![CDATA[param-val-not-found]]>
              </value>
            </param>
            <param index="1">
              <value>
                <![CDATA[param-val-not-found]]>
              </value>
            </param>
            <param index="2">
              <value>
                <![CDATA[param-val-not-found]]>
              </value>
            </param>
            <param index="3">
              <value>
                <![CDATA[param-val-not-found]]>
              </value>
            </param>
            <param index="4">
              <value>
                <![CDATA[param-val-not-found]]>
              </value>
            </param>
            <param index="5">
              <value>
                <![CDATA[param-val-not-found]]>
              </value>
            </param>
            <param index="6">
              <value>
                <![CDATA[param-val-not-found]]>
              </value>
            </param>
            <param index="7">
              <value>
                <![CDATA[param-val-not-found]]>
              </value>
            </param>
          </params>
          <reporter-output>
          </reporter-output>
        </test-method> <!-- setData -->
        <test-method status="PASS" signature="beforeMethod()[pri:0, instance:tests.AmazonTests@52e677af]" name="beforeMethod" is-config="true" duration-ms="21" started-at="2020-07-09T10:14:28 IST" finished-at="2020-07-09T10:14:28 IST">
          <reporter-output>
          </reporter-output>
        </test-method> <!-- beforeMethod -->
        <test-method status="FAIL" signature="Amazon_Login_And_Place_Order_TC001()[pri:1, instance:tests.AmazonTests@52e677af]" name="Amazon_Login_And_Place_Order_TC001" duration-ms="107" started-at="2020-07-09T10:14:28 IST" finished-at="2020-07-09T10:14:28 IST">
          <exception class="java.lang.AssertionError">
            <message>
              <![CDATA[Element not displayed
null expected [true] but found [false]]]>
            </message>
            <full-stacktrace>
              <![CDATA[java.lang.AssertionError: Element not displayed
null expected [true] but found [false]
at org.testng.Assert.fail(Assert.java:97)
at org.testng.Assert.failNotEquals(Assert.java:969)
at org.testng.Assert.assertTrue(Assert.java:43)
at bindings.GeneralBind.verifyElementIsDisplayed(GeneralBind.java:161)
at basePages.LoginScreen.signIn(LoginScreen.java:45)
at tests.AmazonTests.Amazon_Login_And_Place_Order_TC001(AmazonTests.java:49)
at sun.reflect.NativeMethodAccessorImpl.invoke0(Native Method)
at sun.reflect.NativeMethodAccessorImpl.invoke(Unknown Source)
at sun.reflect.DelegatingMethodAccessorImpl.invoke(Unknown Source)
at java.lang.reflect.Method.invoke(Unknown Source)
at org.testng.internal.MethodInvocationHelper.invokeMethod(MethodInvocationHelper.java:134)
at org.testng.internal.TestInvoker.invokeMethod(TestInvoker.java:597)
at org.testng.internal.TestInvoker.invokeTestMethod(TestInvoker.java:173)
at org.testng.internal.MethodRunner.runInSequence(MethodRunner.java:46)
at org.testng.internal.TestInvoker$MethodInvocationAgent.invoke(TestInvoker.java:816)
at org.testng.internal.TestInvoker.invokeTestMethods(TestInvoker.java:146)
at org.testng.internal.TestMethodWorker.invokeTestMethods(TestMethodWorker.java:146)
at org.testng.internal.TestMethodWorker.run(TestMethodWorker.java:128)
at java.util.ArrayList.forEach(Unknown Source)
at org.testng.TestRunner.privateRun(TestRunner.java:766)
at org.testng.TestRunner.run(TestRunner.java:587)
at org.testng.SuiteRunner.runTest(SuiteRunner.java:384)
at org.testng.SuiteRunner.runSequentially(SuiteRunner.java:378)
at org.testng.SuiteRunner.privateRun(SuiteRunner.java:337)
at org.testng.SuiteRunner.run(SuiteRunner.java:286)
at org.testng.SuiteRunnerWorker.runSuite(SuiteRunnerWorker.java:53)
at org.testng.SuiteRunnerWorker.run(SuiteRunnerWorker.java:96)
at org.testng.TestNG.runSuitesSequentially(TestNG.java:1187)
at org.testng.TestNG.runSuitesLocally(TestNG.java:1109)
at org.testng.TestNG.runSuites(TestNG.java:1039)
at org.testng.TestNG.run(TestNG.java:1007)
at org.testng.remote.AbstractRemoteTestNG.run(AbstractRemoteTestNG.java:115)
at org.testng.remote.RemoteTestNG.initAndRun(RemoteTestNG.java:251)
at org.testng.remote.RemoteTestNG.main(RemoteTestNG.java:77)
]]>
            </full-stacktrace>
          </exception> <!-- java.lang.AssertionError -->
          <reporter-output>
            <line>
              <![CDATA[<br>App launched</br><br><a href='C:\Users\Dipesh\git\Amazon-Demo\Amazon-Demo\reports\images\331669159.jpg'> <img src='C:\Users\Dipesh\git\Amazon-Demo\Amazon-Demo\reports\images\331669159.jpg' height='300' width='200'/> </a><br>]]>
            </line>
          </reporter-output>
        </test-method> <!-- Amazon_Login_And_Place_Order_TC001 -->
        <test-method status="PASS" signature="afterMethod(org.testng.ITestResult)[pri:0, instance:tests.AmazonTests@52e677af]" name="afterMethod" is-config="true" duration-ms="48" started-at="2020-07-09T10:14:28 IST" finished-at="2020-07-09T10:14:28 IST">
          <params>
            <param index="0">
              <value>
                <![CDATA[[TestResult name=Amazon_Login_And_Place_Order_TC001 status=FAILURE method=AmazonTests.Amazon_Login_And_Place_Order_TC001()[pri:1, instance:tests.AmazonTests@52e677af] output=<br>App launched</br><br><a href='C:\Users\Dipesh\git\Amazon-Demo\Amazon-Demo\reports\images\331669159.jpg'> <img src='C:\Users\Dipesh\git\Amazon-Demo\Amazon-Demo\reports\images\331669159.jpg' height='300' width='200'/> </a><br>]]]>
              </value>
            </param>
          </params>
          <reporter-output>
            <line>
              <![CDATA[<br>java.lang.AssertionError: Element not displayed
null expected [true] but found [false]</br><br><a href='C:\Users\Dipesh\git\Amazon-Demo\Amazon-Demo\reports\images\793088027.jpg'> <img src='C:\Users\Dipesh\git\Amazon-Demo\Amazon-Demo\reports\images\793088027.jpg' height='300' width='200'/> </a><br>]]>
            </line>
          </reporter-output>
        </test-method> <!-- afterMethod -->
        <test-method status="PASS" signature="afterSuite()[pri:0, instance:tests.AmazonTests@52e677af]" name="afterSuite" is-config="true" duration-ms="782" started-at="2020-07-09T10:14:28 IST" finished-at="2020-07-09T10:14:29 IST">
          <reporter-output>
          </reporter-output>
        </test-method> <!-- afterSuite -->
      </class> <!-- tests.AmazonTests -->
    </test> <!-- Default test -->
  </suite> <!-- Default suite -->
</testng-results>
